Arguments: 
  /Users/Anh.Le/.nvm/versions/node/v14.18.1/bin/node /usr/local/Cellar/yarn/1.22.17_2/libexec/bin/yarn.js add tailwindcss postcss-cli autoprefixer

PATH: 
  /Users/Anh.Le/.rvm/gems/ruby-2.5.9/bin:/Users/Anh.Le/.rvm/gems/ruby-2.5.9@global/bin:/Users/Anh.Le/.rvm/rubies/ruby-2.5.9/bin:/Users/Anh.Le/.nvm/versions/node/v14.18.1/bin:/Users/Anh.Le/.local/share/solana/install/active_release/bin:/Library/Java/JavaVirtualMachines/openjdk-11.jdk/Contents/Home/bin:/usr/local/bin:/usr/bin:/bin:/usr/sbin:/sbin:/Applications/Postgres.app/Contents/Versions/latest/bin:/Users/Anh.Le/.cargo/bin:/Users/Anh.Le/.rvm/bin:/Users/Anh.Le/Library/Python/3.8/bin

Yarn version: 
  1.22.17

Node version: 
  14.18.1

Platform: 
  darwin x64

Trace: 
  Error: https://npm.myob.com/npm/tailwindcss: authentication required
      at Request.params.callback [as _callback] (/usr/local/Cellar/yarn/1.22.17_2/libexec/lib/cli.js:67029:18)
      at Request.self.callback (/usr/local/Cellar/yarn/1.22.17_2/libexec/lib/cli.js:140883:22)
      at Request.emit (events.js:400:28)
      at Request.<anonymous> (/usr/local/Cellar/yarn/1.22.17_2/libexec/lib/cli.js:141855:10)
      at Request.emit (events.js:400:28)
      at IncomingMessage.<anonymous> (/usr/local/Cellar/yarn/1.22.17_2/libexec/lib/cli.js:141777:12)
      at Object.onceWrapper (events.js:519:28)
      at IncomingMessage.emit (events.js:412:35)
      at endReadableNT (internal/streams/readable.js:1334:12)
      at processTicksAndRejections (internal/process/task_queues.js:82:21)

npm manifest: 
  {
    "name": "tailwindcss-101",
    "version": "1.0.0",
    "description": "",
    "main": "index.js",
    "scripts": {
      "test": "echo \"Error: no test specified\" && exit 1"
    },
    "author": "",
    "license": "ISC"
  }

yarn manifest: 
  No manifest

Lockfile: 
  No lockfile
